\BOOKMARK [1][-]{section.1}{S2, char 2, \040trivial}{}% 1
\BOOKMARK [2][-]{subsection.1.1}{Hilbert polynomial}{section.1}% 2
\BOOKMARK [2][-]{subsection.1.2}{Generators}{section.1}% 3
\BOOKMARK [1][-]{section.2}{S3, char 3, \040trivial}{}% 4
\BOOKMARK [2][-]{subsection.2.1}{Hilbert polynomial}{section.2}% 5
\BOOKMARK [2][-]{subsection.2.2}{Generators}{section.2}% 6
\BOOKMARK [1][-]{section.3}{S4, char 2, \040trivial}{}% 7
\BOOKMARK [2][-]{subsection.3.1}{Hilbert polynomial}{section.3}% 8
\BOOKMARK [2][-]{subsection.3.2}{Generators}{section.3}% 9
\BOOKMARK [1][-]{section.4}{S5, char 5, \040trivial}{}% 10
\BOOKMARK [2][-]{subsection.4.1}{Hilbert polynomial}{section.4}% 11
\BOOKMARK [2][-]{subsection.4.2}{Generators}{section.4}% 12
\BOOKMARK [1][-]{section.5}{S6, char 3, \040trivial}{}% 13
\BOOKMARK [2][-]{subsection.5.1}{Hilbert polynomial}{section.5}% 14
\BOOKMARK [2][-]{subsection.5.2}{Generators}{section.5}% 15
\BOOKMARK [2][-]{subsection.5.3}{n-1 case}{section.5}% 16
\BOOKMARK [1][-]{section.6}{S6, char 2, \040trivial}{}% 17
\BOOKMARK [2][-]{subsection.6.1}{Hilbert polynomial}{section.6}% 18
\BOOKMARK [2][-]{subsection.6.2}{Generators}{section.6}% 19
\BOOKMARK [1][-]{section.7}{S9, char 3, \040trivial}{}% 20
\BOOKMARK [2][-]{subsection.7.1}{Hilbert polynomial}{section.7}% 21
\BOOKMARK [2][-]{subsection.7.2}{Generators}{section.7}% 22
\BOOKMARK [1][-]{section.8}{Conjecture for p=3, 3 n}{}% 23
\BOOKMARK [2][-]{subsection.8.1}{D0g}{section.8}% 24
\BOOKMARK [2][-]{subsection.8.2}{D1g}{section.8}% 25
\BOOKMARK [2][-]{subsection.8.3}{D2g}{section.8}% 26
\BOOKMARK [1][-]{section.9}{Conjecture for p=5, 5 n}{}% 27
\BOOKMARK [2][-]{subsection.9.1}{x09}{section.9}% 28
\BOOKMARK [1][-]{section.10}{Conjecture for general p n}{}% 29
\BOOKMARK [1][-]{section.11}{n-1 case, n-2 case}{}% 30
